This is e-pTeX, Version 3.14159265-p3.6-141210-2.6 (utf8.euc) (TeX Live 2015) (preloaded format=platex 2015.5.24)  30 JUL 2016 03:45
entering extended mode
 restricted \write18 enabled.
 file:line:error style messages enabled.
 %&-line parsing enabled.
**aipsamp
(./aipsamp.tex
pLaTeX2e <2006/11/10> (based on LaTeX2e <2015/01/01> patch level 0)
Babel <3.9l> and hyphenation patterns for 79 languages loaded.
(/usr/local/texlive/texmf-local/tex/latex/revtex/revtex4-1.cls
Document Class: revtex4-1 2010/07/25/20:33:00 4.1r (http://publish.aps.org/revt
ex4/ for documentation)
 Copyright (c) 2009 The American Physical Society.
 mailto:revtex@aps.org
 Licensed under the LPPL:
http://www.ctan.org/tex-archive/macros/latex/base/lppl.txt
 Arthur Ogawa <arthur_ogawa at sbcglobal dot net>
 Based on work by David Carlisle <david at dcarlisle.demon.co.uk>.
ltxutil[2010/07/25/20:33:00 4.1r utilities package (portions licensed from W. E
. Baxter web at superscript.com)]
LaTeX Info: Redefining \@centercr on input line 308.
Class revtex4-1 Info: Repairing broken LaTeX eqnarray on input line 358.
\eqncolsep=\skip41
Class revtex4-1 Info: Repairing hyperref-unfriendly LaTeX definition of \mpfoot
note on input line 433.
Class revtex4-1 Info: Repairing broken LateX \@sect on input line 755.
\intertabularlinepenalty=\count81
\@tbpen=\count82
\@arstrutbox@hline=\box41
Class revtex4-1 Info: Repairing broken LaTeX \@xbitor on input line 1786.
Class revtex4-1 Info: Making \typeout \long on input line 2046.
ltxfront[2010/07/25/20:33:00 4.1r frontmatter package (AO,DPC)]
\c@affil=\count83
\c@collab=\count84
\absbox=\box42
ltxgrid[2010/07/25/20:33:00 4.1r page grid package (portions licensed from W. E
. Baxter web at superscript.com)]
\c@linecount=\count85
\output@latex=\toks15
\box@size@1=\box43
\box@size@2=\box44
\@protection@box=\box45
\@topmark@saved=\toks16
\footins@saved=\box46
\footins@recovered=\box47
\column@recovered=\box48
\pagesofar=\box49
\footsofar=\box50
\pagegrid@col=\count86
Class revtex4-1 Info: Overriding \@vspace, \@vspacer, \@no@pgbk, \@newline, and
 \\  on input line 5578.
\c@part=\count87
\c@section=\count88
\c@subsection=\count89
\c@subsubsection=\count90
\c@paragraph=\count91
\c@subparagraph=\count92
\abovecaptionskip=\skip42
\belowcaptionskip=\skip43
\c@figure=\count93
\fbox@1=\box51
\c@table=\count94
\fbox@2=\box52
\c@video=\count95
\fbox@4=\box53
\@bibdataout=\write3
\widetext@top=\box54
\widetext@bot=\box55
Class revtex4-1 Info: Selecting society aip on input line 7542.
(/usr/local/texlive/texmf-local/tex/latex/revtex/aip4-1.rtx
File: aip4-1.rtx 2010/07/25 4.1r AIP substyle for REVTeX
Class revtex4-1 Info: RevTeX society AIP selected on input line 75.
)
Class revtex4-1 Info: Selecting journal sd on input line 7544.

Using journal substyle sd.
Class revtex4-1 Info: Reading file aps10pt4-1.rtx on input line 7547.
(/usr/local/texlive/texmf-local/tex/latex/revtex/aps10pt4-1.rtx
File: aps10pt4-1 2010/07/25/20:33:00 4.1r (http://publish.aps.org/revtex4/ for 
documentation)
Class revtex4-1 Info: RevTeX pointsize 10pt selected on input line 30.
)
Class revtex4-1 Info: Overriding 10pt on input line 7547.

(/usr/local/texlive/2015/texmf-dist/tex/latex/textcase/textcase.sty
Package: textcase 2004/10/07 v0.07 Text only upper/lower case changing (DPC)
)
(/usr/local/texlive/2015/texmf-dist/tex/latex/amsfonts/amssymb.sty
Package: amssymb 2013/01/14 v3.01 AMS font symbols

(/usr/local/texlive/2015/texmf-dist/tex/latex/amsfonts/amsfonts.sty
Package: amsfonts 2013/01/14 v3.01 Basic AMSFonts support
\@emptytoks=\toks17
\symAMSa=\mathgroup4
\symAMSb=\mathgroup5
LaTeX Font Info:    Overwriting math alphabet `\mathfrak' in version `bold'
(Font)                  U/euf/m/n --> U/euf/b/n on input line 106.
))
(/usr/local/texlive/2015/texmf-dist/tex/latex/amsmath/amsmath.sty
Package: amsmath 2013/01/14 v2.14 AMS math features
\@mathmargin=\skip44

For additional information on amsmath, use the `?' option.
(/usr/local/texlive/2015/texmf-dist/tex/latex/amsmath/amstext.sty
Package: amstext 2000/06/29 v2.01

(/usr/local/texlive/2015/texmf-dist/tex/latex/amsmath/amsgen.sty
File: amsgen.sty 1999/11/30 v2.0
\@emptytoks=\toks18
\ex@=\dimen118
)
LaTeX Info: Redefining \text on input line 39.
)
(/usr/local/texlive/2015/texmf-dist/tex/latex/amsmath/amsbsy.sty
Package: amsbsy 1999/11/29 v1.2d
\pmbraise@=\dimen119
)
(/usr/local/texlive/2015/texmf-dist/tex/latex/amsmath/amsopn.sty
Package: amsopn 1999/12/14 v2.01 operator names
)
\inf@bad=\count96
LaTeX Info: Redefining \frac on input line 210.
\uproot@=\count97
\leftroot@=\count98
LaTeX Info: Redefining \overline on input line 306.
\classnum@=\count99
\DOTSCASE@=\count100
LaTeX Info: Redefining \ldots on input line 378.
LaTeX Info: Redefining \dots on input line 381.
LaTeX Info: Redefining \cdots on input line 466.
\Mathstrutbox@=\box56
\strutbox@=\box57
\big@size=\dimen120
LaTeX Font Info:    Redeclaring font encoding OML on input line 566.
LaTeX Font Info:    Redeclaring font encoding OMS on input line 567.
\macc@depth=\count101
\c@MaxMatrixCols=\count102
\dotsspace@=\muskip10
\c@parentequation=\count103
\dspbrk@lvl=\count104
\tag@help=\toks19
\row@=\count105
\column@=\count106
\maxfields@=\count107
\andhelp@=\toks20
\eqnshift@=\dimen121
\alignsep@=\dimen122
\tagshift@=\dimen123
\tagwidth@=\dimen124
\totwidth@=\dimen125
\lineht@=\dimen126
\@envbody=\toks21
\multlinegap=\skip45
\multlinetaggap=\skip46
\mathdisplay@stack=\toks22
LaTeX Info: Redefining \[ on input line 2665.
LaTeX Info: Redefining \] on input line 2666.
)
(/usr/local/texlive/2015/texmf-dist/tex/latex/url/url.sty
\Urlmuskip=\muskip11
Package: url 2013/09/16  ver 3.4  Verb mode for urls, etc.
)
(/usr/local/texlive/2015/texmf-dist/tex/latex/natbib/natbib.sty
Package: natbib 2010/09/13 8.31b (PWD, AO)
\bibhang=\skip47
\bibsep=\skip48
LaTeX Info: Redefining \cite on input line 694.
\c@NAT@ctr=\count108
)
Class revtex4-1 Info: Repairing natbib's \BibitemShut on input line 7549.

(/usr/local/texlive/texmf-local/tex/latex/revtex/revsymb4-1.sty
Package: revsymb4-1 2010/07/25/20:33:00 4.1r (http://publish.aps.org/revtex4/ f
or documentation)
LaTeX Info: Redefining \frak on input line 95.
LaTeX Info: Redefining \Bbb on input line 111.
LaTeX Info: Redefining \REV@mathfrak on input line 119.
)
AIP Info: sd journal style Single column, 2011/08/11
) (/usr/local/texlive/2015/texmf-dist/tex/latex/graphics/graphicx.sty
Package: graphicx 2014/10/28 v1.0g Enhanced LaTeX Graphics (DPC,SPQR)

(/usr/local/texlive/2015/texmf-dist/tex/latex/graphics/keyval.sty
Package: keyval 2014/10/28 v1.15 key=value parser (DPC)
\KV@toks@=\toks23
)
(/usr/local/texlive/2015/texmf-dist/tex/latex/graphics/graphics.sty
Package: graphics 2014/10/28 v1.0p Standard LaTeX Graphics (DPC,SPQR)

(/usr/local/texlive/2015/texmf-dist/tex/latex/graphics/trig.sty
Package: trig 1999/03/16 v1.09 sin cos tan (DPC)
)
(/usr/local/texlive/2015/texmf-dist/tex/latex/latexconfig/graphics.cfg
File: graphics.cfg 2010/04/23 v1.9 graphics configuration of TeX Live
)
Package graphics Info: Driver file: dvips.def on input line 94.

(/usr/local/texlive/2015/texmf-dist/tex/latex/graphics/dvips.def
File: dvips.def 2014/10/14 v3.0j Driver-dependent file (DPC,SPQR)
))
\Gin@req@height=\dimen127
\Gin@req@width=\dimen128
)
(/usr/local/texlive/2015/texmf-dist/tex/latex/tools/dcolumn.sty
Package: dcolumn 2014/10/28 v1.06 decimal alignment package (DPC)

(/usr/local/texlive/2015/texmf-dist/tex/latex/tools/array.sty
Package: array 2014/10/28 v2.4c Tabular extension package (FMi)
\col@sep=\dimen129
\extrarowheight=\dimen130
\NC@list=\toks24
\extratabsurround=\skip49
\backup@length=\skip50
))
(/usr/local/texlive/2015/texmf-dist/tex/latex/tools/bm.sty
Package: bm 2014/10/28 v1.1c Bold Symbol Support (DPC/FMi)
\symboldoperators=\mathgroup6
\symboldletters=\mathgroup7
\symboldsymbols=\mathgroup8
LaTeX Font Info:    Redeclaring math alphabet \mathbf on input line 141.
LaTeX Info: Redefining \bm on input line 207.
)
Class revtex4-1 Info: Patching array package. on input line 41.
Class revtex4-1 Info: Robustifying \LaTeX's \boldmath command on input line 41.

Class revtex4-1 Info: cite was not loaded (OK!) on input line 41.
Class revtex4-1 Info: mcite was not loaded (OK!) on input line 41.
Class revtex4-1 Info: multicol was not loaded (OK!) on input line 41.

No file aipsamp.aux.
\openout1 = `aipsamp.aux'.

LaTeX Font Info:    Checking defaults for OML/cmm/m/it on input line 41.
LaTeX Font Info:    ... okay on input line 41.
LaTeX Font Info:    Checking defaults for T1/cmr/m/n on input line 41.
LaTeX Font Info:    ... okay on input line 41.
LaTeX Font Info:    Checking defaults for OT1/cmr/m/n on input line 41.
LaTeX Font Info:    ... okay on input line 41.
LaTeX Font Info:    Checking defaults for OMS/cmsy/m/n on input line 41.
LaTeX Font Info:    ... okay on input line 41.
LaTeX Font Info:    Checking defaults for OMX/cmex/m/n on input line 41.
LaTeX Font Info:    ... okay on input line 41.
LaTeX Font Info:    Checking defaults for U/cmr/m/n on input line 41.
LaTeX Font Info:    ... okay on input line 41.
LaTeX Font Info:    Checking defaults for JY1/mc/m/n on input line 41.
LaTeX Font Info:    ... okay on input line 41.
LaTeX Font Info:    Checking defaults for JT1/mc/m/n on input line 41.
LaTeX Font Info:    ... okay on input line 41.
\openout3 = `aipsampNotes.bib'.

LaTeX Font Info:    Font shape `JT1/mc/bx/n' in size <14.4> not available
(Font)              Font shape `JT1/gt/m/n' tried instead on input line 77.
LaTeX Font Info:    Font shape `JY1/mc/bx/n' in size <14.4> not available
(Font)              Font shape `JY1/gt/m/n' tried instead on input line 77.

Class revtex4-1 Warning: The \footnote command is not legal on the title page; 
using \thanks instead might suit you: consult the manual for details.

LaTeX Font Info:    Try loading font information for U+msa on input line 77.
(/usr/local/texlive/2015/texmf-dist/tex/latex/amsfonts/umsa.fd
File: umsa.fd 2013/01/14 v3.01 AMS symbols A
)
LaTeX Font Info:    Try loading font information for U+msb on input line 77.

(/usr/local/texlive/2015/texmf-dist/tex/latex/amsfonts/umsb.fd
File: umsb.fd 2013/01/14 v3.01 AMS symbols B
)

LaTeX Font Warning: Font shape `JT1/mc/m/it' undefined
(Font)              using `JT1/mc/m/n' instead on input line 77.


LaTeX Font Warning: Font shape `JY1/mc/m/it' undefined
(Font)              using `JY1/mc/m/n' instead on input line 77.

LaTeX Font Info:    Font shape `JT1/mc/bx/n' in size <10> not available
(Font)              Font shape `JT1/gt/m/n' tried instead on input line 79.
LaTeX Font Info:    Font shape `JY1/mc/bx/n' in size <10> not available
(Font)              Font shape `JY1/gt/m/n' tried instead on input line 79.
LaTeX Font Info:    Font shape `JT1/mc/bx/n' in size <7> not available
(Font)              Font shape `JT1/gt/m/n' tried instead on input line 80.
LaTeX Font Info:    Font shape `JY1/mc/bx/n' in size <7> not available
(Font)              Font shape `JY1/gt/m/n' tried instead on input line 80.

LaTeX Font Warning: Font shape `JT1/mc/bx/it' undefined
(Font)              using `JT1/mc/bx/n' instead on input line 85.


LaTeX Font Warning: Font shape `JY1/mc/bx/it' undefined
(Font)              using `JY1/mc/bx/n' instead on input line 85.

LaTeX Font Info:    Font shape `JT1/mc/bx/n' in size <9> not available
(Font)              Font shape `JT1/gt/m/n' tried instead on input line 89.
LaTeX Font Info:    Font shape `JY1/mc/bx/n' in size <9> not available
(Font)              Font shape `JY1/gt/m/n' tried instead on input line 89.
LaTeX Font Info:    Try loading font information for OMS+cmss on input line 89.

LaTeX Font Info:    No file OMScmss.fd. on input line 89.

LaTeX Font Warning: Font shape `OMS/cmss/bx/n' undefined
(Font)              using `OMS/cmsy/m/n' instead
(Font)              for symbol `textbackslash' on input line 89.

LaTeX Font Info:    Try loading font information for OMS+cmr on input line 106.

(/usr/local/texlive/2015/texmf-dist/tex/latex/base/omscmr.fd
File: omscmr.fd 2014/09/29 v2.5h Standard LaTeX font definitions
)
LaTeX Font Info:    Font shape `OMS/cmr/m/n' in size <10> not available
(Font)              Font shape `OMS/cmsy/m/n' tried instead on input line 106.


LaTeX Warning: Reference `eq:wideeq' on page 1 undefined on input line 122.

[1]
LaTeX Font Info:    Font shape `JT1/mc/bx/it' in size <9> not available
(Font)              Font shape `JT1/gt/m/n' tried instead on input line 128.
LaTeX Font Info:    Font shape `JY1/mc/bx/it' in size <9> not available
(Font)              Font shape `JY1/gt/m/n' tried instead on input line 128.


LaTeX Font Warning: Font shape `OT1/cmss/bx/it' undefined
(Font)              using `OT1/cmss/bx/n' instead on input line 128.


LaTeX Font Warning: Font shape `JT1/gt/m/it' undefined
(Font)              using `JT1/gt/m/n' instead on input line 135.


LaTeX Font Warning: Font shape `JY1/gt/m/it' undefined
(Font)              using `JY1/gt/m/n' instead on input line 135.


Package natbib Warning: Citation `feyn54' on page 2 undefined on input line 138
.


Package natbib Warning: Citation `witten2001' on page 2 undefined on input line
 139.


Package natbib Warning: Citation `epr' on page 2 undefined on input line 139.


Package natbib Warning: Citation `Bire82' on page 2 undefined on input line 139
.


Package natbib Warning: Citation `feyn54' on page 2 undefined on input line 143
.


Package natbib Warning: Citation `witten2001' on page 2 undefined on input line
 143.


Package natbib Warning: Citation `epr' on page 2 undefined on input line 143.


Package natbib Warning: Citation `Berman1983' on page 2 undefined on input line
 143.


Package natbib Warning: Citation `epr' on page 2 undefined on input line 144.


Package natbib Warning: Citation `feyn54' on page 2 undefined on input line 144
.


Package natbib Warning: Citation `Bire82' on page 2 undefined on input line 144
.


Package natbib Warning: Citation `Berman1983' on page 2 undefined on input line
 144.


Package natbib Warning: Citation `Note1' on page 2 undefined on input line 171.


LaTeX Font Info:    Try loading font information for U+euf on input line 186.
(/usr/local/texlive/2015/texmf-dist/tex/latex/amsfonts/ueuf.fd
File: ueuf.fd 2013/01/14 v3.01 Euler Fraktur
)

LaTeX Warning: Reference `eq:one' on page 2 undefined on input line 207.

[2]

LaTeX Warning: Reference `eq:one' on page 3 undefined on input line 220.


LaTeX Warning: Reference `eq:mynum' on page 3 undefined on input line 271.


LaTeX Warning: Reference `subeq:1' on page 3 undefined on input line 290.


LaTeX Warning: Reference `subeq:2' on page 3 undefined on input line 290.


Overfull \hbox (37.13756pt too wide) in paragraph at lines 287--293
[]\OT1/cmr/m/n/10 Enclosing single-line and mul-ti-line equa-tions in \OT1/cmtt
/m/n/10 \begin{subequations} \OT1/cmr/m/n/10 and \OT1/cmtt/m/n/10 \end{subequat
ions}
 []

[3]

LaTeX Warning: Reference `eq:whole' on page 4 undefined on input line 310.


LaTeX Warning: Reference `sec:level1' on page 4 undefined on input line 343.


LaTeX Warning: Reference `sec:level1' on page 4 undefined on input line 343.


LaTeX Warning: Reference `tab:table1' on page 4 undefined on input line 344.


LaTeX Warning: Reference `fig:epsart' on page 4 undefined on input line 362.


LaTeX Warning: Reference `fig:epsart' on page 4 undefined on input line 378.

File: fig_1.eps Graphic file (type eps)
<fig_1.eps>

LaTeX Warning: Reference `fig:wide' on page 4 undefined on input line 385.

File: fig_2.eps Graphic file (type eps)
<fig_2.eps>
Overfull \hbox (105.875pt too wide) in paragraph at lines 387--388
 [][] 
 []

[4]

LaTeX Warning: Reference `tab:table4' on page 5 undefined on input line 409.


LaTeX Warning: Reference `tab:table3' on page 5 undefined on input line 442.

LaTeX Font Info:    Font shape `OMS/cmr/m/n' in size <9> not available
(Font)              Font shape `OMS/cmsy/m/n' tried instead on input line 448.

LaTeX Warning: Reference `tab:table3' on page 5 undefined on input line 469.

[5]

LaTeX Warning: Reference `tab:table1' on page 6 undefined on input line 499.


LaTeX Warning: Reference `tab:table2' on page 6 undefined on input line 500.

LaTeX Font Info:    Font shape `JT1/mc/bx/n' in size <8> not available
(Font)              Font shape `JT1/gt/m/n' tried instead on input line 534.
LaTeX Font Info:    Font shape `JY1/mc/bx/n' in size <8> not available
(Font)              Font shape `JY1/gt/m/n' tried instead on input line 534.

Package natbib Warning: Citation `feyn54' on page 6 undefined on input line 534
.

[6]

LaTeX Warning: Reference `app:subsec' on page 7 undefined on input line 595.


LaTeX Warning: Reference `appa' on page 7 undefined on input line 609.


LaTeX Warning: Reference `appb' on page 7 undefined on input line 609.


LaTeX Warning: Reference `appc' on page 7 undefined on input line 609.

(./aipsamp.bbl
LaTeX Font Info:    Font shape `JT1/mc/bx/n' in size <6> not available
(Font)              Font shape `JT1/gt/m/n' tried instead on input line 10.
LaTeX Font Info:    Font shape `JY1/mc/bx/n' in size <6> not available
(Font)              Font shape `JY1/gt/m/n' tried instead on input line 10.


LaTeX Warning: Reference `LastBibItem' on page 7 undefined on input line 10.

[7])

Package natbib Warning: There were undefined citations.

[8] (./aipsamp.aux

Package natbib Warning: Citation(s) may have changed.
(natbib)                Rerun to get citations correct.

)

LaTeX Font Warning: Some font shapes were not available, defaults substituted.


LaTeX Warning: There were undefined references.


LaTeX Warning: Label(s) may have changed. Rerun to get cross-references right .


 ) 
Here is how much of TeX's memory you used:
 4069 strings out of 493777
 51404 string characters out of 6151334
 139857 words of memory out of 5000000
 7487 multiletter control sequences out of 15000+600000
 30527 words of font info for 118 fonts, out of 8000000 for 9000
 929 hyphenation exceptions out of 8191
 34i,15n,29p,543b,543s stack positions out of 5000i,500n,10000p,200000b,80000s

Output written on aipsamp.dvi (8 pages, 39160 bytes).
