This is e-pTeX, Version 3.14159265-p3.6-141210-2.6 (utf8.euc) (TeX Live 2015) (preloaded format=platex 2015.5.24)  26 OCT 2016 13:05
entering extended mode
 restricted \write18 enabled.
 file:line:error style messages enabled.
 %&-line parsing enabled.
**20161018_revised_black
(./20161018_revised_black.tex
pLaTeX2e <2006/11/10> (based on LaTeX2e <2015/01/01> patch level 0)
Babel <3.9l> and hyphenation patterns for 79 languages loaded.
(/usr/local/texlive/texmf-local/tex/latex/revtex/revtex4-1.cls
Document Class: revtex4-1 2010/07/25/20:33:00 4.1r (http://publish.aps.org/revt
ex4/ for documentation)
 Copyright (c) 2009 The American Physical Society.
 mailto:revtex@aps.org
 Licensed under the LPPL:
http://www.ctan.org/tex-archive/macros/latex/base/lppl.txt
 Arthur Ogawa <arthur_ogawa at sbcglobal dot net>
 Based on work by David Carlisle <david at dcarlisle.demon.co.uk>.
ltxutil[2010/07/25/20:33:00 4.1r utilities package (portions licensed from W. E
. Baxter web at superscript.com)]
LaTeX Info: Redefining \@centercr on input line 308.
Class revtex4-1 Info: Repairing broken LaTeX eqnarray on input line 358.
\eqncolsep=\skip41
Class revtex4-1 Info: Repairing hyperref-unfriendly LaTeX definition of \mpfoot
note on input line 433.
Class revtex4-1 Info: Repairing broken LateX \@sect on input line 755.
\intertabularlinepenalty=\count81
\@tbpen=\count82
\@arstrutbox@hline=\box41
Class revtex4-1 Info: Repairing broken LaTeX \@xbitor on input line 1786.
Class revtex4-1 Info: Making \typeout \long on input line 2046.
ltxfront[2010/07/25/20:33:00 4.1r frontmatter package (AO,DPC)]
\c@affil=\count83
\c@collab=\count84
\absbox=\box42
ltxgrid[2010/07/25/20:33:00 4.1r page grid package (portions licensed from W. E
. Baxter web at superscript.com)]
\c@linecount=\count85
\output@latex=\toks15
\box@size@1=\box43
\box@size@2=\box44
\@protection@box=\box45
\@topmark@saved=\toks16
\footins@saved=\box46
\footins@recovered=\box47
\column@recovered=\box48
\pagesofar=\box49
\footsofar=\box50
\pagegrid@col=\count86
Class revtex4-1 Info: Overriding \@vspace, \@vspacer, \@no@pgbk, \@newline, and
 \\  on input line 5578.
\c@part=\count87
\c@section=\count88
\c@subsection=\count89
\c@subsubsection=\count90
\c@paragraph=\count91
\c@subparagraph=\count92
\abovecaptionskip=\skip42
\belowcaptionskip=\skip43
\c@figure=\count93
\fbox@1=\box51
\c@table=\count94
\fbox@2=\box52
\c@video=\count95
\fbox@4=\box53
\@bibdataout=\write3
\widetext@top=\box54
\widetext@bot=\box55
Class revtex4-1 Info: Selecting society aip on input line 7542.
(/usr/local/texlive/texmf-local/tex/latex/revtex/aip4-1.rtx
File: aip4-1.rtx 2010/07/25 4.1r AIP substyle for REVTeX
Class revtex4-1 Info: RevTeX society AIP selected on input line 75.
)
Class revtex4-1 Info: Selecting journal apl on input line 7544.

Using journal substyle apl.
Class revtex4-1 Info: Reading file aps10pt4-1.rtx on input line 7547.
(/usr/local/texlive/texmf-local/tex/latex/revtex/aps10pt4-1.rtx
File: aps10pt4-1 2010/07/25/20:33:00 4.1r (http://publish.aps.org/revtex4/ for 
documentation)
Class revtex4-1 Info: RevTeX pointsize 10pt selected on input line 30.
)
Class revtex4-1 Info: Overriding 10pt on input line 7547.

(/usr/local/texlive/2015/texmf-dist/tex/latex/textcase/textcase.sty
Package: textcase 2004/10/07 v0.07 Text only upper/lower case changing (DPC)
)
(/usr/local/texlive/2015/texmf-dist/tex/latex/url/url.sty
\Urlmuskip=\muskip10
Package: url 2013/09/16  ver 3.4  Verb mode for urls, etc.
)
(/usr/local/texlive/2015/texmf-dist/tex/latex/natbib/natbib.sty
Package: natbib 2010/09/13 8.31b (PWD, AO)
\bibhang=\skip44
\bibsep=\skip45
LaTeX Info: Redefining \cite on input line 694.
\c@NAT@ctr=\count96
)
Class revtex4-1 Info: Repairing natbib's \BibitemShut on input line 7549.

(/usr/local/texlive/texmf-local/tex/latex/revtex/revsymb4-1.sty
Package: revsymb4-1 2010/07/25/20:33:00 4.1r (http://publish.aps.org/revtex4/ f
or documentation)
LaTeX Info: Redefining \REV@mathfrak on input line 119.
))
(/usr/local/texlive/2015/texmf-dist/tex/latex/graphics/graphicx.sty
Package: graphicx 2014/10/28 v1.0g Enhanced LaTeX Graphics (DPC,SPQR)

(/usr/local/texlive/2015/texmf-dist/tex/latex/graphics/keyval.sty
Package: keyval 2014/10/28 v1.15 key=value parser (DPC)
\KV@toks@=\toks17
)
(/usr/local/texlive/2015/texmf-dist/tex/latex/graphics/graphics.sty
Package: graphics 2014/10/28 v1.0p Standard LaTeX Graphics (DPC,SPQR)

(/usr/local/texlive/2015/texmf-dist/tex/latex/graphics/trig.sty
Package: trig 1999/03/16 v1.09 sin cos tan (DPC)
)
(/usr/local/texlive/2015/texmf-dist/tex/latex/latexconfig/graphics.cfg
File: graphics.cfg 2010/04/23 v1.9 graphics configuration of TeX Live
)
Package graphics Info: Driver file: dvips.def on input line 94.

(/usr/local/texlive/2015/texmf-dist/tex/latex/graphics/dvips.def
File: dvips.def 2014/10/14 v3.0j Driver-dependent file (DPC,SPQR)
))
\Gin@req@height=\dimen118
\Gin@req@width=\dimen119
)
(/usr/local/texlive/2015/texmf-dist/tex/latex/tools/bm.sty
Package: bm 2014/10/28 v1.1c Bold Symbol Support (DPC/FMi)
\symboldoperators=\mathgroup4
\symboldletters=\mathgroup5
\symboldsymbols=\mathgroup6
LaTeX Font Info:    Redeclaring math alphabet \mathbf on input line 141.
LaTeX Info: Redefining \bm on input line 207.
)
(/usr/local/texlive/2015/texmf-dist/tex/generic/ulem/ulem.sty
\UL@box=\box56
\UL@hyphenbox=\box57
\UL@skip=\skip46
\UL@hook=\toks18
\UL@height=\dimen120
\UL@pe=\count97
\UL@pixel=\dimen121
\ULC@box=\box58
Package: ulem 2012/05/18
\ULdepth=\dimen122
)
Class revtex4-1 Info: Patching LaTeX tabular. on input line 6.
Class revtex4-1 Info: Robustifying \LaTeX's \boldmath command on input line 6.
Class revtex4-1 Info: cite was not loaded (OK!) on input line 6.
Class revtex4-1 Info: mcite was not loaded (OK!) on input line 6.
Class revtex4-1 Info: multicol was not loaded (OK!) on input line 6.

(./20161018_revised_black.aux)
\openout1 = `20161018_revised_black.aux'.

LaTeX Font Info:    Checking defaults for OML/cmm/m/it on input line 6.
LaTeX Font Info:    ... okay on input line 6.
LaTeX Font Info:    Checking defaults for T1/cmr/m/n on input line 6.
LaTeX Font Info:    ... okay on input line 6.
LaTeX Font Info:    Checking defaults for OT1/cmr/m/n on input line 6.
LaTeX Font Info:    ... okay on input line 6.
LaTeX Font Info:    Checking defaults for OMS/cmsy/m/n on input line 6.
LaTeX Font Info:    ... okay on input line 6.
LaTeX Font Info:    Checking defaults for OMX/cmex/m/n on input line 6.
LaTeX Font Info:    ... okay on input line 6.
LaTeX Font Info:    Checking defaults for U/cmr/m/n on input line 6.
LaTeX Font Info:    ... okay on input line 6.
LaTeX Font Info:    Checking defaults for JY1/mc/m/n on input line 6.
LaTeX Font Info:    ... okay on input line 6.
LaTeX Font Info:    Checking defaults for JT1/mc/m/n on input line 6.
LaTeX Font Info:    ... okay on input line 6.
\openout3 = `20161018_revised_blackNotes.bib'.

LaTeX Font Info:    External font `cmex10' loaded for size
(Font)              <7> on input line 30.
LaTeX Font Info:    External font `cmex10' loaded for size
(Font)              <5> on input line 30.
LaTeX Font Info:    Font shape `JT1/mc/bx/n' in size <14.4> not available
(Font)              Font shape `JT1/gt/m/n' tried instead on input line 33.
LaTeX Font Info:    Font shape `JY1/mc/bx/n' in size <14.4> not available
(Font)              Font shape `JY1/gt/m/n' tried instead on input line 33.


LaTeX Font Warning: Font shape `JT1/mc/m/it' undefined
(Font)              using `JT1/mc/m/n' instead on input line 33.


LaTeX Font Warning: Font shape `JY1/mc/m/it' undefined
(Font)              using `JY1/mc/m/n' instead on input line 33.

LaTeX Font Info:    External font `cmex10' loaded for size
(Font)              <9> on input line 33.
LaTeX Font Info:    External font `cmex10' loaded for size
(Font)              <6> on input line 33.
LaTeX Font Info:    External font `cmex10' loaded for size
(Font)              <8> on input line 33.
LaTeX Font Info:    Font shape `JT1/mc/bx/n' in size <9> not available
(Font)              Font shape `JT1/gt/m/n' tried instead on input line 35.
LaTeX Font Info:    Font shape `JY1/mc/bx/n' in size <9> not available
(Font)              Font shape `JY1/gt/m/n' tried instead on input line 35.
LaTeX Font Info:    Font shape `JT1/mc/bx/n' in size <7> not available
(Font)              Font shape `JT1/gt/m/n' tried instead on input line 36.
LaTeX Font Info:    Font shape `JY1/mc/bx/n' in size <7> not available
(Font)              Font shape `JY1/gt/m/n' tried instead on input line 36.

Package natbib Warning: Citation `Stanley' on page 1 undefined on input line 36
.


Package natbib Warning: Citation `Law' on page 1 undefined on input line 36.


Package natbib Warning: Citation `Neubrech' on page 1 undefined on input line 3
6.


Package natbib Warning: Citation `Hoang' on page 1 undefined on input line 36.


Package natbib Warning: Citation `Cleary2008' on page 1 undefined on input line
 36.


Package natbib Warning: Citation `Kusunoki' on page 1 undefined on input line 3
6.


Package natbib Warning: Citation `Ebbesen' on page 1 undefined on input line 36
.


Package natbib Warning: Citation `Soref' on page 1 undefined on input line 36.


Package natbib Warning: Citation `Kusa2015' on page 1 undefined on input line 3
6.


Package natbib Warning: Citation `Law' on page 1 undefined on input line 36.


Package natbib Warning: Citation `Law' on page 1 undefined on input line 36.


Underfull \hbox (badness 1184) in paragraph at lines 36--37
\OT1/cmr/m/n/10 circuit,$[]$ non-lin-ear light-matter interactions,$[]$ etc.
 []


Underfull \hbox (badness 2245) in paragraph at lines 36--37
\OT1/cmr/m/n/10 can be ex-cited at mid-IR wave-lengths on var-i-ous
 []


Package natbib Warning: Citation `Law' on page 1 undefined on input line 38.


Package natbib Warning: Citation `Kusa2014' on page 1 undefined on input line 3
8.


Package natbib Warning: Citation `Zayats' on page 1 undefined on input line 39.



Package natbib Warning: Citation `Kuttge' on page 1 undefined on input line 41.



Package natbib Warning: Citation `Peale2008' on page 1 undefined on input line 
41.


Package natbib Warning: Citation `Yang' on page 1 undefined on input line 44.


Package natbib Warning: Citation `Kuttge' on page 1 undefined on input line 44.



Package natbib Warning: Citation `McMullen' on page 1 undefined on input line 4
7.


Package natbib Warning: Citation `Schlesinger1' on page 1 undefined on input li
ne 47.


Package natbib Warning: Citation `Schlesinger2' on page 1 undefined on input li
ne 47.


Package natbib Warning: Citation `Schlesinger1' on page 1 undefined on input li
ne 47.


Package natbib Warning: Citation `Schlesinger2' on page 1 undefined on input li
ne 47.


Package natbib Warning: Citation `Schoenwald' on page 1 undefined on input line
 47.


Package natbib Warning: Citation `Shiba' on page 1 undefined on input line 47.


Package natbib Warning: Citation `Kuttge' on page 1 undefined on input line 47.



Package natbib Warning: Citation `Olmon' on page 1 undefined on input line 47.


Package natbib Warning: Citation `Trollmann' on page 1 undefined on input line 
47.


Package natbib Warning: Citation `Schoenwald' on page 1 undefined on input line
 51.


Package natbib Warning: Citation `Shiba' on page 1 undefined on input line 51.


Package natbib Warning: Citation `Schlesinger1' on page 1 undefined on input li
ne 51.


Package natbib Warning: Citation `Schlesinger2' on page 1 undefined on input li
ne 51.


Package natbib Warning: Citation `Schlesinger1' on page 1 undefined on input li
ne 51.


Package natbib Warning: Citation `Schlesinger2' on page 1 undefined on input li
ne 51.

[1]

Package natbib Warning: Citation `Koev' on page 2 undefined on input line 59.


Package natbib Warning: Citation `Koev' on page 2 undefined on input line 66.


Package natbib Warning: Citation `Cleary2010' on page 2 undefined on input line
 66.


Package natbib Warning: Citation `Moharam' on page 2 undefined on input line 66
.


Package natbib Warning: Citation `Cleary2010' on page 2 undefined on input line
 70.

File: device.eps Graphic file (type eps)
<device.eps> [2]

LaTeX Warning: A float is stuck (cannot be placed); try class option [floatfix]
 on input line 91.


Package natbib Warning: Citation `Nogues' on page 3 undefined on input line 92.


File: experiment.eps Graphic file (type eps)
<experiment.eps>

Package natbib Warning: Citation `Petr' on page 3 undefined on input line 110.


Package natbib Warning: Citation `Petr' on page 3 undefined on input line 113.


Package natbib Warning: Citation `Cleary2010' on page 3 undefined on input line
 116.

File: propagation_length.eps Graphic file (type eps)
<propagation_length.eps>
Underfull \hbox (badness 1127) in paragraph at lines 119--119
\OT1/cmr/m/n/9 as a func-tion of the SPP waveg-uide length $\OML/cmm/m/it/9 L$ 
\OT1/cmr/m/n/9 for the
 []


Underfull \hbox (badness 1997) in paragraph at lines 119--119
\OT1/cmr/m/n/9 as-grown(squares), once-annealed (tri-an-gles), and twice-
 []

[3]
File: morphology.eps Graphic file (type eps)
 <morphology.eps>

Package natbib Warning: Citation `Palik' on page 4 undefined on input line 148.



Package natbib Warning: Citation `Raether' on page 4 undefined on input line 15
1.


Package natbib Warning: Citation `Olmon' on page 4 undefined on input line 156.



Package natbib Warning: Citation `Trollmann' on page 4 undefined on input line 
156.


Package natbib Warning: Citation `Trollmann' on page 4 undefined on input line 
156.


Underfull \hbox (badness 1924) in paragraph at lines 155--157
\OT1/cmr/m/n/10 Here we note that our op-er-at-ing fre-quency $\OML/cmm/m/it/10
 ! \OMS/cmsy/m/n/10 ^^X
 []

[4]

Package natbib Warning: Citation `Trollmann' on page 5 undefined on input line 
158.


Package natbib Warning: Citation `Canchal-Arias' on page 5 undefined on input l
ine 158.


Package natbib Warning: Citation `Trollmann' on page 5 undefined on input line 
159.


Package natbib Warning: Citation `Kuttge' on page 5 undefined on input line 169
.


Package natbib Warning: Citation `Lee' on page 5 undefined on input line 170.


Package natbib Warning: Citation `Shiba' on page 5 undefined on input line 173.



Package natbib Warning: Citation `Kuttge' on page 5 undefined on input line 173
.


Package natbib Warning: Citation `Mills' on page 5 undefined on input line 173.



Package natbib Warning: Citation `Buffat' on page 5 undefined on input line 178
.

[5]
No file 20161018_revised_black.bbl.

Package natbib Warning: There were undefined citations.

[6] (./20161018_revised_black.aux)

LaTeX Font Warning: Some font shapes were not available, defaults substituted.

 ) 
Here is how much of TeX's memory you used:
 2955 strings out of 493777
 37028 string characters out of 6151334
 127465 words of memory out of 5000000
 6431 multiletter control sequences out of 15000+600000
 21120 words of font info for 79 fonts, out of 8000000 for 9000
 929 hyphenation exceptions out of 8191
 28i,10n,28p,1168b,392s stack positions out of 5000i,500n,10000p,200000b,80000s

Output written on 20161018_revised_black.dvi (6 pages, 39368 bytes).
